{"/Users/ugurgunes/Desktop/testing/vitest/src/App.tsx": {"path":"/Users/ugurgunes/Desktop/testing/vitest/src/App.tsx","statementMap":{"0":{"start":{"line":1,"column":22},"end":{"line":3,"column":null}},"1":{"start":{"line":2,"column":2},"end":{"line":2,"column":null}}},"fnMap":{"0":{"name":"(anonymous_0)","decl":{"start":{"line":1,"column":22},"end":{"line":1,"column":28}},"loc":{"start":{"line":1,"column":28},"end":{"line":3,"column":null}}}},"branchMap":{},"s":{"0":1,"1":1},"f":{"0":1},"b":{}}
}
